<?xml version="1.0" encoding="UTF-8"?>
<!-- Generated by org.testng.reporters.JUnitReportReporter -->
<testsuite skipped="0" hostname="mparida-mn2.linkedin.biz" name="com.qa.tests.GetAPITest" tests="2" failures="0" timestamp="20 Jul 2019 08:54:41 GMT" time="2.843" errors="0">
  <testcase name="getAPITestWithoutHeaders" time="1.859" classname="com.qa.tests.GetAPITest"/>
  <testcase name="getAPITestWithHeaders" time="0.984" classname="com.qa.tests.GetAPITest"/>
</testsuite> <!-- com.qa.tests.GetAPITest -->
